<?xml version="1.0" encoding="UTF-8"?><testrun name="FetchJeepTest" project="jeep-sales" tests="7" started="7" failures="0" errors="1" ignored="0">
  <testsuite name="com.promineotech.jeep.controller.FetchJeepTest" time="23.149" displayname="FetchJeepTest" uniqueid="[engine:junit-jupiter]/[class:com.promineotech.jeep.controller.FetchJeepTest]">
    <testsuite name="com.promineotech.jeep.controller.FetchJeepTest$TestsThatDoNotPolluteTheApplicationContext" time="7.483" displayname="TestsThatDoNotPolluteTheApplicationContext" uniqueid="[engine:junit-jupiter]/[class:com.promineotech.jeep.controller.FetchJeepTest]/[nested-class:TestsThatDoNotPolluteTheApplicationContext]">
      <testcase name="testThatJeepsAreReturnedWhenAValidModelAndTrimAreSupplied" classname="com.promineotech.jeep.controller.FetchJeepTest.TestsThatDoNotPolluteTheApplicationContext" time="5.39" displayname="testThatJeepsAreReturnedWhenAValidModelAndTrimAreSupplied()" uniqueid="[engine:junit-jupiter]/[class:com.promineotech.jeep.controller.FetchJeepTest]/[nested-class:TestsThatDoNotPolluteTheApplicationContext]/[method:testThatJeepsAreReturnedWhenAValidModelAndTrimAreSupplied()]"/>
      <testcase name="testDb" classname="com.promineotech.jeep.controller.FetchJeepTest.TestsThatDoNotPolluteTheApplicationContext" time="0.527" displayname="testDb()" uniqueid="[engine:junit-jupiter]/[class:com.promineotech.jeep.controller.FetchJeepTest]/[nested-class:TestsThatDoNotPolluteTheApplicationContext]/[method:testDb()]"/>
      <testcase name="testThatAnErrorMessageIsReturnedWhenAnUnknownTrimIsSupplied" classname="com.promineotech.jeep.controller.FetchJeepTest.TestsThatDoNotPolluteTheApplicationContext" time="0.553" displayname="testThatAnErrorMessageIsReturnedWhenAnUnknownTrimIsSupplied()" uniqueid="[engine:junit-jupiter]/[class:com.promineotech.jeep.controller.FetchJeepTest]/[nested-class:TestsThatDoNotPolluteTheApplicationContext]/[method:testThatAnErrorMessageIsReturnedWhenAnUnknownTrimIsSupplied()]"/>
      <testsuite name="testThatAnErrorMessageIsReturnedWhenAnInvalidValueIsSupplied(com.promineotech.jeep.controller.FetchJeepTest$TestsThatDoNotPolluteTheApplicationContext)" time="0.856" displayname="testThatAnErrorMessageIsReturnedWhenAnInvalidValueIsSupplied(String, String, String)" parameters="java.lang.String,java.lang.String,java.lang.String" uniqueid="[engine:junit-jupiter]/[class:com.promineotech.jeep.controller.FetchJeepTest]/[nested-class:TestsThatDoNotPolluteTheApplicationContext]/[test-template:testThatAnErrorMessageIsReturnedWhenAnInvalidValueIsSupplied(java.lang.String, java.lang.String, java.lang.String)]">
        <testcase name="testThatAnErrorMessageIsReturnedWhenAnInvalidValueIsSupplied" classname="com.promineotech.jeep.controller.FetchJeepTest.TestsThatDoNotPolluteTheApplicationContext" time="0.856" dynamicTest="true" displayname="[1] model=WRANGLER, trim=!@&amp;(*!&amp;%$(*, reason=Trim contains non-alpha-numeric characters" parameters="java.lang.String,java.lang.String,java.lang.String" uniqueid="[engine:junit-jupiter]/[class:com.promineotech.jeep.controller.FetchJeepTest]/[nested-class:TestsThatDoNotPolluteTheApplicationContext]/[test-template:testThatAnErrorMessageIsReturnedWhenAnInvalidValueIsSupplied(java.lang.String, java.lang.String, java.lang.String)]/[test-template-invocation:#1]"/>
        <testcase name="testThatAnErrorMessageIsReturnedWhenAnInvalidValueIsSupplied" classname="com.promineotech.jeep.controller.FetchJeepTest.TestsThatDoNotPolluteTheApplicationContext" time="0.809" dynamicTest="true" displayname="[2] model=WRANGLER, trim=CCCCCCCCCCCCCCCCCCCCCCCCCCCCCCC, reason=Trim length too long" parameters="java.lang.String,java.lang.String,java.lang.String" uniqueid="[engine:junit-jupiter]/[class:com.promineotech.jeep.controller.FetchJeepTest]/[nested-class:TestsThatDoNotPolluteTheApplicationContext]/[test-template:testThatAnErrorMessageIsReturnedWhenAnInvalidValueIsSupplied(java.lang.String, java.lang.String, java.lang.String)]/[test-template-invocation:#2]"/>
        <testcase name="testThatAnErrorMessageIsReturnedWhenAnInvalidValueIsSupplied" classname="com.promineotech.jeep.controller.FetchJeepTest.TestsThatDoNotPolluteTheApplicationContext" time="0.97" dynamicTest="true" displayname="[3] model=INVALID, trim=Sport, reason=Model is not enum value" parameters="java.lang.String,java.lang.String,java.lang.String" uniqueid="[engine:junit-jupiter]/[class:com.promineotech.jeep.controller.FetchJeepTest]/[nested-class:TestsThatDoNotPolluteTheApplicationContext]/[test-template:testThatAnErrorMessageIsReturnedWhenAnInvalidValueIsSupplied(java.lang.String, java.lang.String, java.lang.String)]/[test-template-invocation:#3]"/>
      </testsuite>
    </testsuite>
    <testsuite name="com.promineotech.jeep.controller.FetchJeepTest$TestsThatPolluteTheApplicationContext" time="0.604" displayname="TestsThatPolluteTheApplicationContext" uniqueid="[engine:junit-jupiter]/[class:com.promineotech.jeep.controller.FetchJeepTest]/[nested-class:TestsThatPolluteTheApplicationContext]">
      <testcase name="testThatAnUnplannedErrorResultsInA500Status" classname="com.promineotech.jeep.controller.FetchJeepTest.TestsThatPolluteTheApplicationContext" time="0.604" displayname="testThatAnUnplannedErrorResultsInA500Status()" uniqueid="[engine:junit-jupiter]/[class:com.promineotech.jeep.controller.FetchJeepTest]/[nested-class:TestsThatPolluteTheApplicationContext]/[method:testThatAnUnplannedErrorResultsInA500Status()]">
        <error>org.springframework.web.client.RestClientException: Error while extracting response for type [java.util.Map&lt;java.lang.String, java.lang.Object&gt;] and content type [application/json]; nested exception is org.springframework.http.converter.HttpMessageNotReadableException: JSON parse error: Cannot deserialize value of type `java.util.LinkedHashMap&lt;java.lang.String,java.lang.Object&gt;` from Array value (token `JsonToken.START_ARRAY`); nested exception is com.fasterxml.jackson.databind.exc.MismatchedInputException: Cannot deserialize value of type `java.util.LinkedHashMap&lt;java.lang.String,java.lang.Object&gt;` from Array value (token `JsonToken.START_ARRAY`)
 at [Source: (org.springframework.util.StreamUtils$NonClosingInputStream); line: 1, column: 1]&#13;
	at org.springframework.web.client.HttpMessageConverterExtractor.extractData(HttpMessageConverterExtractor.java:120)&#13;
	at org.springframework.web.client.RestTemplate$ResponseEntityResponseExtractor.extractData(RestTemplate.java:1037)&#13;
	at org.springframework.web.client.RestTemplate$ResponseEntityResponseExtractor.extractData(RestTemplate.java:1020)&#13;
	at org.springframework.web.client.RestTemplate.doExecute(RestTemplate.java:778)&#13;
	at org.springframework.web.client.RestTemplate.execute(RestTemplate.java:711)&#13;
	at org.springframework.web.client.RestTemplate.exchange(RestTemplate.java:631)&#13;
	at org.springframework.boot.test.web.client.TestRestTemplate.exchange(TestRestTemplate.java:761)&#13;
	at com.promineotech.jeep.controller.FetchJeepTest$TestsThatPolluteTheApplicationContext.testThatAnUnplannedErrorResultsInA500Status(FetchJeepTest.java:152)&#13;
	at java.base/jdk.internal.reflect.NativeMethodAccessorImpl.invoke0(Native Method)&#13;
	at java.base/jdk.internal.reflect.NativeMethodAccessorImpl.invoke(NativeMethodAccessorImpl.java:77)&#13;
	at java.base/jdk.internal.reflect.DelegatingMethodAccessorImpl.invoke(DelegatingMethodAccessorImpl.java:43)&#13;
	at java.base/java.lang.reflect.Method.invoke(Method.java:568)&#13;
	at org.junit.platform.commons.util.ReflectionUtils.invokeMethod(ReflectionUtils.java:725)&#13;
	at org.junit.jupiter.engine.execution.MethodInvocation.proceed(MethodInvocation.java:60)&#13;
	at org.junit.jupiter.engine.execution.InvocationInterceptorChain$ValidatingInvocation.proceed(InvocationInterceptorChain.java:131)&#13;
	at org.junit.jupiter.engine.extension.TimeoutExtension.intercept(TimeoutExtension.java:149)&#13;
	at org.junit.jupiter.engine.extension.TimeoutExtension.interceptTestableMethod(TimeoutExtension.java:140)&#13;
	at org.junit.jupiter.engine.extension.TimeoutExtension.interceptTestMethod(TimeoutExtension.java:84)&#13;
	at org.junit.jupiter.engine.execution.ExecutableInvoker$ReflectiveInterceptorCall.lambda$ofVoidMethod$0(ExecutableInvoker.java:115)&#13;
	at org.junit.jupiter.engine.execution.ExecutableInvoker.lambda$invoke$0(ExecutableInvoker.java:105)&#13;
	at org.junit.jupiter.engine.execution.InvocationInterceptorChain$InterceptedInvocation.proceed(InvocationInterceptorChain.java:106)&#13;
	at org.junit.jupiter.engine.execution.InvocationInterceptorChain.proceed(InvocationInterceptorChain.java:64)&#13;
	at org.junit.jupiter.engine.execution.InvocationInterceptorChain.chainAndInvoke(InvocationInterceptorChain.java:45)&#13;
	at org.junit.jupiter.engine.execution.InvocationInterceptorChain.invoke(InvocationInterceptorChain.java:37)&#13;
	at org.junit.jupiter.engine.execution.ExecutableInvoker.invoke(ExecutableInvoker.java:104)&#13;
	at org.junit.jupiter.engine.execution.ExecutableInvoker.invoke(ExecutableInvoker.java:98)&#13;
	at org.junit.jupiter.engine.descriptor.TestMethodTestDescriptor.lambda$invokeTestMethod$7(TestMethodTestDescriptor.java:214)&#13;
	at org.junit.platform.engine.support.hierarchical.ThrowableCollector.execute(ThrowableCollector.java:73)&#13;
	at org.junit.jupiter.engine.descriptor.TestMethodTestDescriptor.invokeTestMethod(TestMethodTestDescriptor.java:210)&#13;
	at org.junit.jupiter.engine.descriptor.TestMethodTestDescriptor.execute(TestMethodTestDescriptor.java:135)&#13;
	at org.junit.jupiter.engine.descriptor.TestMethodTestDescriptor.execute(TestMethodTestDescriptor.java:66)&#13;
	at org.junit.platform.engine.support.hierarchical.NodeTestTask.lambda$executeRecursively$6(NodeTestTask.java:151)&#13;
	at org.junit.platform.engine.support.hierarchical.ThrowableCollector.execute(ThrowableCollector.java:73)&#13;
	at org.junit.platform.engine.support.hierarchical.NodeTestTask.lambda$executeRecursively$8(NodeTestTask.java:141)&#13;
	at org.junit.platform.engine.support.hierarchical.Node.around(Node.java:137)&#13;
	at org.junit.platform.engine.support.hierarchical.NodeTestTask.lambda$executeRecursively$9(NodeTestTask.java:139)&#13;
	at org.junit.platform.engine.support.hierarchical.ThrowableCollector.execute(ThrowableCollector.java:73)&#13;
	at org.junit.platform.engine.support.hierarchical.NodeTestTask.executeRecursively(NodeTestTask.java:138)&#13;
	at org.junit.platform.engine.support.hierarchical.NodeTestTask.execute(NodeTestTask.java:95)&#13;
	at java.base/java.util.ArrayList.forEach(ArrayList.java:1511)&#13;
	at org.junit.platform.engine.support.hierarchical.SameThreadHierarchicalTestExecutorService.invokeAll(SameThreadHierarchicalTestExecutorService.java:41)&#13;
	at org.junit.platform.engine.support.hierarchical.NodeTestTask.lambda$executeRecursively$6(NodeTestTask.java:155)&#13;
	at org.junit.platform.engine.support.hierarchical.ThrowableCollector.execute(ThrowableCollector.java:73)&#13;
	at org.junit.platform.engine.support.hierarchical.NodeTestTask.lambda$executeRecursively$8(NodeTestTask.java:141)&#13;
	at org.junit.platform.engine.support.hierarchical.Node.around(Node.java:137)&#13;
	at org.junit.platform.engine.support.hierarchical.NodeTestTask.lambda$executeRecursively$9(NodeTestTask.java:139)&#13;
	at org.junit.platform.engine.support.hierarchical.ThrowableCollector.execute(ThrowableCollector.java:73)&#13;
	at org.junit.platform.engine.support.hierarchical.NodeTestTask.executeRecursively(NodeTestTask.java:138)&#13;
	at org.junit.platform.engine.support.hierarchical.NodeTestTask.execute(NodeTestTask.java:95)&#13;
	at java.base/java.util.ArrayList.forEach(ArrayList.java:1511)&#13;
	at org.junit.platform.engine.support.hierarchical.SameThreadHierarchicalTestExecutorService.invokeAll(SameThreadHierarchicalTestExecutorService.java:41)&#13;
	at org.junit.platform.engine.support.hierarchical.NodeTestTask.lambda$executeRecursively$6(NodeTestTask.java:155)&#13;
	at org.junit.platform.engine.support.hierarchical.ThrowableCollector.execute(ThrowableCollector.java:73)&#13;
	at org.junit.platform.engine.support.hierarchical.NodeTestTask.lambda$executeRecursively$8(NodeTestTask.java:141)&#13;
	at org.junit.platform.engine.support.hierarchical.Node.around(Node.java:137)&#13;
	at org.junit.platform.engine.support.hierarchical.NodeTestTask.lambda$executeRecursively$9(NodeTestTask.java:139)&#13;
	at org.junit.platform.engine.support.hierarchical.ThrowableCollector.execute(ThrowableCollector.java:73)&#13;
	at org.junit.platform.engine.support.hierarchical.NodeTestTask.executeRecursively(NodeTestTask.java:138)&#13;
	at org.junit.platform.engine.support.hierarchical.NodeTestTask.execute(NodeTestTask.java:95)&#13;
	at java.base/java.util.ArrayList.forEach(ArrayList.java:1511)&#13;
	at org.junit.platform.engine.support.hierarchical.SameThreadHierarchicalTestExecutorService.invokeAll(SameThreadHierarchicalTestExecutorService.java:41)&#13;
	at org.junit.platform.engine.support.hierarchical.NodeTestTask.lambda$executeRecursively$6(NodeTestTask.java:155)&#13;
	at org.junit.platform.engine.support.hierarchical.ThrowableCollector.execute(ThrowableCollector.java:73)&#13;
	at org.junit.platform.engine.support.hierarchical.NodeTestTask.lambda$executeRecursively$8(NodeTestTask.java:141)&#13;
	at org.junit.platform.engine.support.hierarchical.Node.around(Node.java:137)&#13;
	at org.junit.platform.engine.support.hierarchical.NodeTestTask.lambda$executeRecursively$9(NodeTestTask.java:139)&#13;
	at org.junit.platform.engine.support.hierarchical.ThrowableCollector.execute(ThrowableCollector.java:73)&#13;
	at org.junit.platform.engine.support.hierarchical.NodeTestTask.executeRecursively(NodeTestTask.java:138)&#13;
	at org.junit.platform.engine.support.hierarchical.NodeTestTask.execute(NodeTestTask.java:95)&#13;
	at org.junit.platform.engine.support.hierarchical.SameThreadHierarchicalTestExecutorService.submit(SameThreadHierarchicalTestExecutorService.java:35)&#13;
	at org.junit.platform.engine.support.hierarchical.HierarchicalTestExecutor.execute(HierarchicalTestExecutor.java:57)&#13;
	at org.junit.platform.engine.support.hierarchical.HierarchicalTestEngine.execute(HierarchicalTestEngine.java:54)&#13;
	at org.junit.platform.launcher.core.EngineExecutionOrchestrator.execute(EngineExecutionOrchestrator.java:107)&#13;
	at org.junit.platform.launcher.core.EngineExecutionOrchestrator.execute(EngineExecutionOrchestrator.java:88)&#13;
	at org.junit.platform.launcher.core.EngineExecutionOrchestrator.lambda$execute$0(EngineExecutionOrchestrator.java:54)&#13;
	at org.junit.platform.launcher.core.EngineExecutionOrchestrator.withInterceptedStreams(EngineExecutionOrchestrator.java:67)&#13;
	at org.junit.platform.launcher.core.EngineExecutionOrchestrator.execute(EngineExecutionOrchestrator.java:52)&#13;
	at org.junit.platform.launcher.core.DefaultLauncher.execute(DefaultLauncher.java:114)&#13;
	at org.junit.platform.launcher.core.DefaultLauncher.execute(DefaultLauncher.java:95)&#13;
	at org.junit.platform.launcher.core.DefaultLauncherSession$DelegatingLauncher.execute(DefaultLauncherSession.java:91)&#13;
	at org.junit.platform.launcher.core.SessionPerRequestLauncher.execute(SessionPerRequestLauncher.java:60)&#13;
	at org.eclipse.jdt.internal.junit5.runner.JUnit5TestReference.run(JUnit5TestReference.java:98)&#13;
	at org.eclipse.jdt.internal.junit.runner.TestExecution.run(TestExecution.java:40)&#13;
	at org.eclipse.jdt.internal.junit.runner.RemoteTestRunner.runTests(RemoteTestRunner.java:529)&#13;
	at org.eclipse.jdt.internal.junit.runner.RemoteTestRunner.runTests(RemoteTestRunner.java:756)&#13;
	at org.eclipse.jdt.internal.junit.runner.RemoteTestRunner.run(RemoteTestRunner.java:452)&#13;
	at org.eclipse.jdt.internal.junit.runner.RemoteTestRunner.main(RemoteTestRunner.java:210)&#13;
Caused by: org.springframework.http.converter.HttpMessageNotReadableException: JSON parse error: Cannot deserialize value of type `java.util.LinkedHashMap&lt;java.lang.String,java.lang.Object&gt;` from Array value (token `JsonToken.START_ARRAY`); nested exception is com.fasterxml.jackson.databind.exc.MismatchedInputException: Cannot deserialize value of type `java.util.LinkedHashMap&lt;java.lang.String,java.lang.Object&gt;` from Array value (token `JsonToken.START_ARRAY`)
 at [Source: (org.springframework.util.StreamUtils$NonClosingInputStream); line: 1, column: 1]&#13;
	at org.springframework.http.converter.json.AbstractJackson2HttpMessageConverter.readJavaType(AbstractJackson2HttpMessageConverter.java:391)&#13;
	at org.springframework.http.converter.json.AbstractJackson2HttpMessageConverter.read(AbstractJackson2HttpMessageConverter.java:343)&#13;
	at org.springframework.web.client.HttpMessageConverterExtractor.extractData(HttpMessageConverterExtractor.java:105)&#13;
	... 86 more&#13;
Caused by: com.fasterxml.jackson.databind.exc.MismatchedInputException: Cannot deserialize value of type `java.util.LinkedHashMap&lt;java.lang.String,java.lang.Object&gt;` from Array value (token `JsonToken.START_ARRAY`)
 at [Source: (org.springframework.util.StreamUtils$NonClosingInputStream); line: 1, column: 1]&#13;
	at com.fasterxml.jackson.databind.exc.MismatchedInputException.from(MismatchedInputException.java:59)&#13;
	at com.fasterxml.jackson.databind.DeserializationContext.reportInputMismatch(DeserializationContext.java:1741)&#13;
	at com.fasterxml.jackson.databind.DeserializationContext.handleUnexpectedToken(DeserializationContext.java:1515)&#13;
	at com.fasterxml.jackson.databind.deser.std.StdDeserializer._deserializeFromArray(StdDeserializer.java:222)&#13;
	at com.fasterxml.jackson.databind.deser.std.MapDeserializer.deserialize(MapDeserializer.java:447)&#13;
	at com.fasterxml.jackson.databind.deser.std.MapDeserializer.deserialize(MapDeserializer.java:32)&#13;
	at com.fasterxml.jackson.databind.deser.DefaultDeserializationContext.readRootValue(DefaultDeserializationContext.java:323)&#13;
	at com.fasterxml.jackson.databind.ObjectMapper._readMapAndClose(ObjectMapper.java:4674)&#13;
	at com.fasterxml.jackson.databind.ObjectMapper.readValue(ObjectMapper.java:3682)&#13;
	at org.springframework.http.converter.json.AbstractJackson2HttpMessageConverter.readJavaType(AbstractJackson2HttpMessageConverter.java:380)&#13;
	... 88 more&#13;
&#13;
</error>
      </testcase>
    </testsuite>
  </testsuite>
</testrun>
