<?xml version="1.0" encoding="UTF-8"?><testrun name="FetchJeepTest" project="jeep-sales" tests="7" started="7" failures="0" errors="1" ignored="0">
  <testsuite name="com.promineotech.jeep.controller.FetchJeepTest" time="20.943" displayname="FetchJeepTest" uniqueid="[engine:junit-jupiter]/[class:com.promineotech.jeep.controller.FetchJeepTest]">
    <testsuite name="com.promineotech.jeep.controller.FetchJeepTest$TestsThatDoNotPolluteTheApplicationContext" time="9.617" displayname="TestsThatDoNotPolluteTheApplicationContext" uniqueid="[engine:junit-jupiter]/[class:com.promineotech.jeep.controller.FetchJeepTest]/[nested-class:TestsThatDoNotPolluteTheApplicationContext]">
      <testcase name="testThatJeepsAreReturnedWhenAValidModelAndTrimAreSupplied" classname="com.promineotech.jeep.controller.FetchJeepTest.TestsThatDoNotPolluteTheApplicationContext" time="5.58" displayname="testThatJeepsAreReturnedWhenAValidModelAndTrimAreSupplied()" uniqueid="[engine:junit-jupiter]/[class:com.promineotech.jeep.controller.FetchJeepTest]/[nested-class:TestsThatDoNotPolluteTheApplicationContext]/[method:testThatJeepsAreReturnedWhenAValidModelAndTrimAreSupplied()]">
        <error>org.springframework.web.client.ResourceAccessException: I/O error on GET request for "http://localhost0/jeeps": localhost0; nested exception is java.net.UnknownHostException: localhost0&#13;
	at org.springframework.web.client.RestTemplate.doExecute(RestTemplate.java:785)&#13;
	at org.springframework.web.client.RestTemplate.execute(RestTemplate.java:711)&#13;
	at org.springframework.web.client.RestTemplate.exchange(RestTemplate.java:631)&#13;
	at org.springframework.boot.test.web.client.TestRestTemplate.exchange(TestRestTemplate.java:761)&#13;
	at com.promineotech.jeep.controller.FetchJeepTest$TestsThatDoNotPolluteTheApplicationContext.testThatJeepsAreReturnedWhenAValidModelAndTrimAreSupplied(FetchJeepTest.java:72)&#13;
	at java.base/jdk.internal.reflect.NativeMethodAccessorImpl.invoke0(Native Method)&#13;
	at java.base/jdk.internal.reflect.NativeMethodAccessorImpl.invoke(NativeMethodAccessorImpl.java:77)&#13;
	at java.base/jdk.internal.reflect.DelegatingMethodAccessorImpl.invoke(DelegatingMethodAccessorImpl.java:43)&#13;
	at java.base/java.lang.reflect.Method.invoke(Method.java:568)&#13;
	at org.junit.platform.commons.util.ReflectionUtils.invokeMethod(ReflectionUtils.java:725)&#13;
	at org.junit.jupiter.engine.execution.MethodInvocation.proceed(MethodInvocation.java:60)&#13;
	at org.junit.jupiter.engine.execution.InvocationInterceptorChain$ValidatingInvocation.proceed(InvocationInterceptorChain.java:131)&#13;
	at org.junit.jupiter.engine.extension.TimeoutExtension.intercept(TimeoutExtension.java:149)&#13;
	at org.junit.jupiter.engine.extension.TimeoutExtension.interceptTestableMethod(TimeoutExtension.java:140)&#13;
	at org.junit.jupiter.engine.extension.TimeoutExtension.interceptTestMethod(TimeoutExtension.java:84)&#13;
	at org.junit.jupiter.engine.execution.ExecutableInvoker$ReflectiveInterceptorCall.lambda$ofVoidMethod$0(ExecutableInvoker.java:115)&#13;
	at org.junit.jupiter.engine.execution.ExecutableInvoker.lambda$invoke$0(ExecutableInvoker.java:105)&#13;
	at org.junit.jupiter.engine.execution.InvocationInterceptorChain$InterceptedInvocation.proceed(InvocationInterceptorChain.java:106)&#13;
	at org.junit.jupiter.engine.execution.InvocationInterceptorChain.proceed(InvocationInterceptorChain.java:64)&#13;
	at org.junit.jupiter.engine.execution.InvocationInterceptorChain.chainAndInvoke(InvocationInterceptorChain.java:45)&#13;
	at org.junit.jupiter.engine.execution.InvocationInterceptorChain.invoke(InvocationInterceptorChain.java:37)&#13;
	at org.junit.jupiter.engine.execution.ExecutableInvoker.invoke(ExecutableInvoker.java:104)&#13;
	at org.junit.jupiter.engine.execution.ExecutableInvoker.invoke(ExecutableInvoker.java:98)&#13;
	at org.junit.jupiter.engine.descriptor.TestMethodTestDescriptor.lambda$invokeTestMethod$7(TestMethodTestDescriptor.java:214)&#13;
	at org.junit.platform.engine.support.hierarchical.ThrowableCollector.execute(ThrowableCollector.java:73)&#13;
	at org.junit.jupiter.engine.descriptor.TestMethodTestDescriptor.invokeTestMethod(TestMethodTestDescriptor.java:210)&#13;
	at org.junit.jupiter.engine.descriptor.TestMethodTestDescriptor.execute(TestMethodTestDescriptor.java:135)&#13;
	at org.junit.jupiter.engine.descriptor.TestMethodTestDescriptor.execute(TestMethodTestDescriptor.java:66)&#13;
	at org.junit.platform.engine.support.hierarchical.NodeTestTask.lambda$executeRecursively$6(NodeTestTask.java:151)&#13;
	at org.junit.platform.engine.support.hierarchical.ThrowableCollector.execute(ThrowableCollector.java:73)&#13;
	at org.junit.platform.engine.support.hierarchical.NodeTestTask.lambda$executeRecursively$8(NodeTestTask.java:141)&#13;
	at org.junit.platform.engine.support.hierarchical.Node.around(Node.java:137)&#13;
	at org.junit.platform.engine.support.hierarchical.NodeTestTask.lambda$executeRecursively$9(NodeTestTask.java:139)&#13;
	at org.junit.platform.engine.support.hierarchical.ThrowableCollector.execute(ThrowableCollector.java:73)&#13;
	at org.junit.platform.engine.support.hierarchical.NodeTestTask.executeRecursively(NodeTestTask.java:138)&#13;
	at org.junit.platform.engine.support.hierarchical.NodeTestTask.execute(NodeTestTask.java:95)&#13;
	at java.base/java.util.ArrayList.forEach(ArrayList.java:1511)&#13;
	at org.junit.platform.engine.support.hierarchical.SameThreadHierarchicalTestExecutorService.invokeAll(SameThreadHierarchicalTestExecutorService.java:41)&#13;
	at org.junit.platform.engine.support.hierarchical.NodeTestTask.lambda$executeRecursively$6(NodeTestTask.java:155)&#13;
	at org.junit.platform.engine.support.hierarchical.ThrowableCollector.execute(ThrowableCollector.java:73)&#13;
	at org.junit.platform.engine.support.hierarchical.NodeTestTask.lambda$executeRecursively$8(NodeTestTask.java:141)&#13;
	at org.junit.platform.engine.support.hierarchical.Node.around(Node.java:137)&#13;
	at org.junit.platform.engine.support.hierarchical.NodeTestTask.lambda$executeRecursively$9(NodeTestTask.java:139)&#13;
	at org.junit.platform.engine.support.hierarchical.ThrowableCollector.execute(ThrowableCollector.java:73)&#13;
	at org.junit.platform.engine.support.hierarchical.NodeTestTask.executeRecursively(NodeTestTask.java:138)&#13;
	at org.junit.platform.engine.support.hierarchical.NodeTestTask.execute(NodeTestTask.java:95)&#13;
	at java.base/java.util.ArrayList.forEach(ArrayList.java:1511)&#13;
	at org.junit.platform.engine.support.hierarchical.SameThreadHierarchicalTestExecutorService.invokeAll(SameThreadHierarchicalTestExecutorService.java:41)&#13;
	at org.junit.platform.engine.support.hierarchical.NodeTestTask.lambda$executeRecursively$6(NodeTestTask.java:155)&#13;
	at org.junit.platform.engine.support.hierarchical.ThrowableCollector.execute(ThrowableCollector.java:73)&#13;
	at org.junit.platform.engine.support.hierarchical.NodeTestTask.lambda$executeRecursively$8(NodeTestTask.java:141)&#13;
	at org.junit.platform.engine.support.hierarchical.Node.around(Node.java:137)&#13;
	at org.junit.platform.engine.support.hierarchical.NodeTestTask.lambda$executeRecursively$9(NodeTestTask.java:139)&#13;
	at org.junit.platform.engine.support.hierarchical.ThrowableCollector.execute(ThrowableCollector.java:73)&#13;
	at org.junit.platform.engine.support.hierarchical.NodeTestTask.executeRecursively(NodeTestTask.java:138)&#13;
	at org.junit.platform.engine.support.hierarchical.NodeTestTask.execute(NodeTestTask.java:95)&#13;
	at java.base/java.util.ArrayList.forEach(ArrayList.java:1511)&#13;
	at org.junit.platform.engine.support.hierarchical.SameThreadHierarchicalTestExecutorService.invokeAll(SameThreadHierarchicalTestExecutorService.java:41)&#13;
	at org.junit.platform.engine.support.hierarchical.NodeTestTask.lambda$executeRecursively$6(NodeTestTask.java:155)&#13;
	at org.junit.platform.engine.support.hierarchical.ThrowableCollector.execute(ThrowableCollector.java:73)&#13;
	at org.junit.platform.engine.support.hierarchical.NodeTestTask.lambda$executeRecursively$8(NodeTestTask.java:141)&#13;
	at org.junit.platform.engine.support.hierarchical.Node.around(Node.java:137)&#13;
	at org.junit.platform.engine.support.hierarchical.NodeTestTask.lambda$executeRecursively$9(NodeTestTask.java:139)&#13;
	at org.junit.platform.engine.support.hierarchical.ThrowableCollector.execute(ThrowableCollector.java:73)&#13;
	at org.junit.platform.engine.support.hierarchical.NodeTestTask.executeRecursively(NodeTestTask.java:138)&#13;
	at org.junit.platform.engine.support.hierarchical.NodeTestTask.execute(NodeTestTask.java:95)&#13;
	at org.junit.platform.engine.support.hierarchical.SameThreadHierarchicalTestExecutorService.submit(SameThreadHierarchicalTestExecutorService.java:35)&#13;
	at org.junit.platform.engine.support.hierarchical.HierarchicalTestExecutor.execute(HierarchicalTestExecutor.java:57)&#13;
	at org.junit.platform.engine.support.hierarchical.HierarchicalTestEngine.execute(HierarchicalTestEngine.java:54)&#13;
	at org.junit.platform.launcher.core.EngineExecutionOrchestrator.execute(EngineExecutionOrchestrator.java:107)&#13;
	at org.junit.platform.launcher.core.EngineExecutionOrchestrator.execute(EngineExecutionOrchestrator.java:88)&#13;
	at org.junit.platform.launcher.core.EngineExecutionOrchestrator.lambda$execute$0(EngineExecutionOrchestrator.java:54)&#13;
	at org.junit.platform.launcher.core.EngineExecutionOrchestrator.withInterceptedStreams(EngineExecutionOrchestrator.java:67)&#13;
	at org.junit.platform.launcher.core.EngineExecutionOrchestrator.execute(EngineExecutionOrchestrator.java:52)&#13;
	at org.junit.platform.launcher.core.DefaultLauncher.execute(DefaultLauncher.java:114)&#13;
	at org.junit.platform.launcher.core.DefaultLauncher.execute(DefaultLauncher.java:95)&#13;
	at org.junit.platform.launcher.core.DefaultLauncherSession$DelegatingLauncher.execute(DefaultLauncherSession.java:91)&#13;
	at org.junit.platform.launcher.core.SessionPerRequestLauncher.execute(SessionPerRequestLauncher.java:60)&#13;
	at org.eclipse.jdt.internal.junit5.runner.JUnit5TestReference.run(JUnit5TestReference.java:98)&#13;
	at org.eclipse.jdt.internal.junit.runner.TestExecution.run(TestExecution.java:40)&#13;
	at org.eclipse.jdt.internal.junit.runner.RemoteTestRunner.runTests(RemoteTestRunner.java:529)&#13;
	at org.eclipse.jdt.internal.junit.runner.RemoteTestRunner.runTests(RemoteTestRunner.java:756)&#13;
	at org.eclipse.jdt.internal.junit.runner.RemoteTestRunner.run(RemoteTestRunner.java:452)&#13;
	at org.eclipse.jdt.internal.junit.runner.RemoteTestRunner.main(RemoteTestRunner.java:210)&#13;
Caused by: java.net.UnknownHostException: localhost0&#13;
	at java.base/sun.nio.ch.NioSocketImpl.connect(NioSocketImpl.java:567)&#13;
	at java.base/java.net.Socket.connect(Socket.java:633)&#13;
	at java.base/java.net.Socket.connect(Socket.java:583)&#13;
	at java.base/sun.net.NetworkClient.doConnect(NetworkClient.java:183)&#13;
	at java.base/sun.net.www.http.HttpClient.openServer(HttpClient.java:532)&#13;
	at java.base/sun.net.www.http.HttpClient.openServer(HttpClient.java:637)&#13;
	at java.base/sun.net.www.http.HttpClient.&lt;init&gt;(HttpClient.java:280)&#13;
	at java.base/sun.net.www.http.HttpClient.New(HttpClient.java:385)&#13;
	at java.base/sun.net.www.http.HttpClient.New(HttpClient.java:407)&#13;
	at java.base/sun.net.www.protocol.http.HttpURLConnection.getNewHttpClient(HttpURLConnection.java:1309)&#13;
	at java.base/sun.net.www.protocol.http.HttpURLConnection.plainConnect0(HttpURLConnection.java:1242)&#13;
	at java.base/sun.net.www.protocol.http.HttpURLConnection.plainConnect(HttpURLConnection.java:1128)&#13;
	at java.base/sun.net.www.protocol.http.HttpURLConnection.connect(HttpURLConnection.java:1057)&#13;
	at org.springframework.http.client.SimpleBufferingClientHttpRequest.executeInternal(SimpleBufferingClientHttpRequest.java:76)&#13;
	at org.springframework.http.client.AbstractBufferingClientHttpRequest.executeInternal(AbstractBufferingClientHttpRequest.java:48)&#13;
	at org.springframework.http.client.AbstractClientHttpRequest.execute(AbstractClientHttpRequest.java:66)&#13;
	at org.springframework.web.client.RestTemplate.doExecute(RestTemplate.java:776)&#13;
	... 83 more&#13;
&#13;
</error>
      </testcase>
      <testcase name="testDb" classname="com.promineotech.jeep.controller.FetchJeepTest.TestsThatDoNotPolluteTheApplicationContext" time="0.556" displayname="testDb()" uniqueid="[engine:junit-jupiter]/[class:com.promineotech.jeep.controller.FetchJeepTest]/[nested-class:TestsThatDoNotPolluteTheApplicationContext]/[method:testDb()]"/>
      <testcase name="testThatAnErrorMessageIsReturnedWhenAnUnknownTrimIsSupplied" classname="com.promineotech.jeep.controller.FetchJeepTest.TestsThatDoNotPolluteTheApplicationContext" time="1.876" displayname="testThatAnErrorMessageIsReturnedWhenAnUnknownTrimIsSupplied()" uniqueid="[engine:junit-jupiter]/[class:com.promineotech.jeep.controller.FetchJeepTest]/[nested-class:TestsThatDoNotPolluteTheApplicationContext]/[method:testThatAnErrorMessageIsReturnedWhenAnUnknownTrimIsSupplied()]"/>
      <testsuite name="testThatAnErrorMessageIsReturnedWhenAnInvalidValueIsSupplied(com.promineotech.jeep.controller.FetchJeepTest$TestsThatDoNotPolluteTheApplicationContext)" time="1.476" displayname="testThatAnErrorMessageIsReturnedWhenAnInvalidValueIsSupplied(String, String, String)" parameters="java.lang.String,java.lang.String,java.lang.String" uniqueid="[engine:junit-jupiter]/[class:com.promineotech.jeep.controller.FetchJeepTest]/[nested-class:TestsThatDoNotPolluteTheApplicationContext]/[test-template:testThatAnErrorMessageIsReturnedWhenAnInvalidValueIsSupplied(java.lang.String, java.lang.String, java.lang.String)]">
        <testcase name="testThatAnErrorMessageIsReturnedWhenAnInvalidValueIsSupplied" classname="com.promineotech.jeep.controller.FetchJeepTest.TestsThatDoNotPolluteTheApplicationContext" time="1.476" dynamicTest="true" displayname="[1] model=WRANGLER, trim=!@&amp;(*!&amp;%$(*, reason=Trim contains non-alpha-numeric characters" parameters="java.lang.String,java.lang.String,java.lang.String" uniqueid="[engine:junit-jupiter]/[class:com.promineotech.jeep.controller.FetchJeepTest]/[nested-class:TestsThatDoNotPolluteTheApplicationContext]/[test-template:testThatAnErrorMessageIsReturnedWhenAnInvalidValueIsSupplied(java.lang.String, java.lang.String, java.lang.String)]/[test-template-invocation:#1]"/>
        <testcase name="testThatAnErrorMessageIsReturnedWhenAnInvalidValueIsSupplied" classname="com.promineotech.jeep.controller.FetchJeepTest.TestsThatDoNotPolluteTheApplicationContext" time="0.65" dynamicTest="true" displayname="[2] model=WRANGLER, trim=CCCCCCCCCCCCCCCCCCCCCCCCCCCCCCC, reason=Trim length too long" parameters="java.lang.String,java.lang.String,java.lang.String" uniqueid="[engine:junit-jupiter]/[class:com.promineotech.jeep.controller.FetchJeepTest]/[nested-class:TestsThatDoNotPolluteTheApplicationContext]/[test-template:testThatAnErrorMessageIsReturnedWhenAnInvalidValueIsSupplied(java.lang.String, java.lang.String, java.lang.String)]/[test-template-invocation:#2]"/>
        <testcase name="testThatAnErrorMessageIsReturnedWhenAnInvalidValueIsSupplied" classname="com.promineotech.jeep.controller.FetchJeepTest.TestsThatDoNotPolluteTheApplicationContext" time="0.843" dynamicTest="true" displayname="[3] model=INVALID, trim=Sport, reason=Model is not enum value" parameters="java.lang.String,java.lang.String,java.lang.String" uniqueid="[engine:junit-jupiter]/[class:com.promineotech.jeep.controller.FetchJeepTest]/[nested-class:TestsThatDoNotPolluteTheApplicationContext]/[test-template:testThatAnErrorMessageIsReturnedWhenAnInvalidValueIsSupplied(java.lang.String, java.lang.String, java.lang.String)]/[test-template-invocation:#3]"/>
      </testsuite>
    </testsuite>
    <testsuite name="com.promineotech.jeep.controller.FetchJeepTest$TestsThatPolluteTheApplicationContext" time="0.57" displayname="TestsThatPolluteTheApplicationContext" uniqueid="[engine:junit-jupiter]/[class:com.promineotech.jeep.controller.FetchJeepTest]/[nested-class:TestsThatPolluteTheApplicationContext]">
      <testcase name="testThatAnUnplannedErrorResultsInA500Status" classname="com.promineotech.jeep.controller.FetchJeepTest.TestsThatPolluteTheApplicationContext" time="0.57" displayname="testThatAnUnplannedErrorResultsInA500Status()" uniqueid="[engine:junit-jupiter]/[class:com.promineotech.jeep.controller.FetchJeepTest]/[nested-class:TestsThatPolluteTheApplicationContext]/[method:testThatAnUnplannedErrorResultsInA500Status()]"/>
    </testsuite>
  </testsuite>
</testrun>
